<?xml version="1.0" encoding="UTF-8"?>
<!-- Generated by org.testng.reporters.JUnitReportReporter -->
<testsuite hostname="LAPTOP-0M17UIVA" failures="0" tests="4" name="testng.parameterization.DataProviderWithExcel" time="7.931" errors="0" timestamp="2025-10-27T22:22:23 IST" skipped="0">
  <testcase classname="testng.parameterization.DataProviderWithExcel" name="verifyLogin" time="2.382"/>
  <testcase classname="testng.parameterization.DataProviderWithExcel" name="verifyLogin" time="1.903"/>
  <testcase classname="testng.parameterization.DataProviderWithExcel" name="verifyLogin" time="1.916"/>
  <testcase classname="testng.parameterization.DataProviderWithExcel" name="verifyLogin" time="1.730"/>
</testsuite> <!-- testng.parameterization.DataProviderWithExcel -->
